2020-03-11 00:49:36,228 : INFO : adding document #0 to Dictionary(0 unique tokens: [])
2020-03-11 00:49:37,023 : INFO : adding document #10000 to Dictionary(11912 unique tokens: ['bone', 'deity', 'honesty', 'stare', 'time']...)
2020-03-11 00:49:37,801 : INFO : adding document #20000 to Dictionary(15973 unique tokens: ['bone', 'deity', 'honesty', 'stare', 'time']...)
2020-03-11 00:49:38,616 : INFO : adding document #30000 to Dictionary(18978 unique tokens: ['bone', 'deity', 'honesty', 'stare', 'time']...)
2020-03-11 00:49:39,305 : INFO : adding document #40000 to Dictionary(21310 unique tokens: ['bone', 'deity', 'honesty', 'stare', 'time']...)
2020-03-11 00:49:40,073 : INFO : adding document #50000 to Dictionary(23270 unique tokens: ['bone', 'deity', 'honesty', 'stare', 'time']...)
2020-03-11 00:49:40,856 : INFO : adding document #60000 to Dictionary(25111 unique tokens: ['bone', 'deity', 'honesty', 'stare', 'time']...)
2020-03-11 00:49:41,765 : INFO : adding document #70000 to Dictionary(26745 unique tokens: ['bone', 'deity', 'honesty', 'stare', 'time']...)
2020-03-11 00:49:42,660 : INFO : adding document #80000 to Dictionary(28254 unique tokens: ['bone', 'deity', 'honesty', 'stare', 'time']...)
2020-03-11 00:49:43,521 : INFO : adding document #90000 to Dictionary(29652 unique tokens: ['bone', 'deity', 'honesty', 'stare', 'time']...)
2020-03-11 00:49:44,464 : INFO : adding document #100000 to Dictionary(30969 unique tokens: ['bone', 'deity', 'honesty', 'stare', 'time']...)
2020-03-11 00:49:45,346 : INFO : adding document #110000 to Dictionary(32169 unique tokens: ['bone', 'deity', 'honesty', 'stare', 'time']...)
2020-03-11 00:49:46,040 : INFO : built Dictionary(32953 unique tokens: ['bone', 'deity', 'honesty', 'stare', 'time']...) from 117020 documents (total 3978408 corpus positions)
2020-03-11 00:49:53,439 : INFO : using symmetric alpha at 0.2
2020-03-11 00:49:53,439 : INFO : using symmetric eta at 0.2
2020-03-11 00:49:53,457 : INFO : using serial LDA version on this node
2020-03-11 00:49:53,507 : INFO : running online (multi-pass) LDA training, 5 topics, 10 passes over the supplied corpus of 117020 documents, updating model once every 5000 documents, evaluating perplexity every 5000 documents, iterating 100x with a convergence threshold of 0.001000
2020-03-11 00:50:06,677 : INFO : -11.000 per-word bound, 2047.6 perplexity estimate based on a held-out corpus of 5000 documents with 169047 words
2020-03-11 00:50:06,678 : INFO : PROGRESS: pass 0, at document #5000/117020
2020-03-11 00:50:07,002 : INFO : using symmetric alpha at 0.16666666666666666
2020-03-11 00:50:07,002 : INFO : using symmetric eta at 0.16666666666666666
2020-03-11 00:50:07,012 : INFO : using serial LDA version on this node
2020-03-11 00:50:07,059 : INFO : running online (multi-pass) LDA training, 6 topics, 10 passes over the supplied corpus of 117020 documents, updating model once every 5000 documents, evaluating perplexity every 5000 documents, iterating 100x with a convergence threshold of 0.001000
2020-03-11 00:50:20,043 : INFO : -11.032 per-word bound, 2094.3 perplexity estimate based on a held-out corpus of 5000 documents with 169047 words
2020-03-11 00:50:20,043 : INFO : PROGRESS: pass 0, at document #5000/117020
